<?xml version="1.0" encoding="UTF-8"?>
<!-- Generated by org.testng.reporters.JUnitReportReporter -->
<testsuite hostname="PDC2-L-F24TPP3" failures="0" tests="2" name="cucumber.testNgTestRunner" time="40.458" errors="0" timestamp="2024-01-11T16:17:48 IST" skipped="0">
  <testcase classname="cucumber.testNgTestRunner" name="runScenario" time="20.508"/>
  <testcase classname="cucumber.testNgTestRunner" name="runScenario" time="19.950"/>
</testsuite> <!-- cucumber.testNgTestRunner -->
