<?xml version="1.0" encoding="UTF-8"?>
<!-- Generated by org.testng.reporters.JUnitReportReporter -->
<testsuite hostname="PDC2-L-F24TPP3" failures="0" tests="3" name="framework.orderItem" time="33.706" errors="0" timestamp="2023-12-29T17:38:57 IST" skipped="0">
  <testcase classname="framework.orderItem" name="completeOrder" time="12.036"/>
  <testcase classname="framework.orderItem" name="validateZaraInOrders" time="5.955"/>
  <testcase classname="framework.orderItem" name="completeOrder" time="15.715"/>
</testsuite> <!-- framework.orderItem -->
