<?xml version="1.0" encoding="UTF-8"?>
<!-- Generated by org.testng.reporters.JUnitReportReporter -->
<testsuite hostname="PDC2-L-F24TPP3" failures="0" tests="3" name="framework.orderItem" time="35.142" errors="0" timestamp="2024-01-11T17:15:44 IST" skipped="0">
  <testcase classname="framework.orderItem" name="completeOrder" time="15.384"/>
  <testcase classname="framework.orderItem" name="validateZaraInOrders" time="4.796"/>
  <testcase classname="framework.orderItem" name="completeOrder" time="14.962"/>
</testsuite> <!-- framework.orderItem -->
